[Tue May 19 20:28:57.466149 2020] [ssl:warn] [pid 1392:tid 504] AH01909: www.example.com:443:0 server certificate does NOT include an ID which matches the server name
[Tue May 19 20:28:57.555166 2020] [ssl:warn] [pid 1392:tid 504] AH01909: www.example.com:443:0 server certificate does NOT include an ID which matches the server name
[Tue May 19 20:28:57.769202 2020] [mpm_winnt:notice] [pid 1392:tid 504] AH00455: Apache/2.4.38 (Win32) OpenSSL/1.1.1a PHP/7.3.2 configured -- resuming normal operations
[Tue May 19 20:28:57.769202 2020] [mpm_winnt:notice] [pid 1392:tid 504] AH00456: Apache Lounge VC15 Server built: Jan 18 2019 12:31:19
[Tue May 19 20:28:57.769202 2020] [core:notice] [pid 1392:tid 504] AH00094: Command line: 'C:\\xampp\\apache\\bin\\httpd.exe -d C:/xampp/apache'
[Tue May 19 20:28:57.778201 2020] [mpm_winnt:notice] [pid 1392:tid 504] AH00418: Parent: Created child process 5096
[Tue May 19 20:28:58.526804 2020] [ssl:warn] [pid 5096:tid 444] AH01909: www.example.com:443:0 server certificate does NOT include an ID which matches the server name
[Tue May 19 20:28:58.614815 2020] [ssl:warn] [pid 5096:tid 444] AH01909: www.example.com:443:0 server certificate does NOT include an ID which matches the server name
[Tue May 19 20:28:58.674322 2020] [mpm_winnt:notice] [pid 5096:tid 444] AH00354: Child: Starting 150 worker threads.
[Tue May 19 20:31:24.585603 2020] [ssl:warn] [pid 5836:tid 476] AH01909: www.example.com:443:0 server certificate does NOT include an ID which matches the server name
[Tue May 19 20:31:24.672618 2020] [ssl:warn] [pid 5836:tid 476] AH01909: www.example.com:443:0 server certificate does NOT include an ID which matches the server name
[Tue May 19 20:31:24.721620 2020] [mpm_winnt:notice] [pid 5836:tid 476] AH00455: Apache/2.4.38 (Win32) OpenSSL/1.1.1a PHP/7.3.2 configured -- resuming normal operations
[Tue May 19 20:31:24.721620 2020] [mpm_winnt:notice] [pid 5836:tid 476] AH00456: Apache Lounge VC15 Server built: Jan 18 2019 12:31:19
[Tue May 19 20:31:24.721620 2020] [core:notice] [pid 5836:tid 476] AH00094: Command line: 'c:\\xampp\\apache\\bin\\httpd.exe -d C:/xampp/apache'
[Tue May 19 20:31:24.724620 2020] [mpm_winnt:notice] [pid 5836:tid 476] AH00418: Parent: Created child process 5288
[Tue May 19 20:31:25.519224 2020] [ssl:warn] [pid 5288:tid 484] AH01909: www.example.com:443:0 server certificate does NOT include an ID which matches the server name
[Tue May 19 20:31:25.591234 2020] [ssl:warn] [pid 5288:tid 484] AH01909: www.example.com:443:0 server certificate does NOT include an ID which matches the server name
[Tue May 19 20:31:25.640740 2020] [mpm_winnt:notice] [pid 5288:tid 484] AH00354: Child: Starting 150 worker threads.
[Wed May 20 19:07:59.687773 2020] [ssl:warn] [pid 392:tid 480] AH01909: www.example.com:443:0 server certificate does NOT include an ID which matches the server name
[Wed May 20 19:07:59.857439 2020] [core:warn] [pid 392:tid 480] AH00098: pid file C:/xampp/apache/logs/httpd.pid overwritten -- Unclean shutdown of previous Apache run?
[Wed May 20 19:07:59.871441 2020] [ssl:warn] [pid 392:tid 480] AH01909: www.example.com:443:0 server certificate does NOT include an ID which matches the server name
[Wed May 20 19:08:01.198529 2020] [mpm_winnt:notice] [pid 392:tid 480] AH00455: Apache/2.4.38 (Win32) OpenSSL/1.1.1a PHP/7.3.2 configured -- resuming normal operations
[Wed May 20 19:08:01.199029 2020] [mpm_winnt:notice] [pid 392:tid 480] AH00456: Apache Lounge VC15 Server built: Jan 18 2019 12:31:19
[Wed May 20 19:08:01.199029 2020] [core:notice] [pid 392:tid 480] AH00094: Command line: 'c:\\xampp\\apache\\bin\\httpd.exe -d C:/xampp/apache'
[Wed May 20 19:08:01.203030 2020] [mpm_winnt:notice] [pid 392:tid 480] AH00418: Parent: Created child process 4752
[Wed May 20 19:08:02.166688 2020] [ssl:warn] [pid 4752:tid 420] AH01909: www.example.com:443:0 server certificate does NOT include an ID which matches the server name
[Wed May 20 19:08:02.249735 2020] [ssl:warn] [pid 4752:tid 420] AH01909: www.example.com:443:0 server certificate does NOT include an ID which matches the server name
[Wed May 20 19:08:02.410375 2020] [mpm_winnt:notice] [pid 4752:tid 420] AH00354: Child: Starting 150 worker threads.
[Wed May 20 19:54:11.847045 2020] [php7:crit] [pid 4752:tid 1748] [client ::1:53605] PHP Parse error:  syntax error, unexpected ';', expecting ')' in C:\\xampp\\htdocs\\site\\meushopbrasil_v3.0\\comercio.php on line 106, referer: http://localhost/site/meushopbrasil_v3.0/
[Wed May 20 19:54:24.661230 2020] [php7:notice] [pid 4752:tid 1768] [client ::1:53607] PHP Notice:  A non well formed numeric value encountered in C:\\xampp\\htdocs\\site\\meushopbrasil_v3.0\\comercio.php on line 106, referer: http://localhost/site/meushopbrasil_v3.0/
[Wed May 20 19:55:03.032934 2020] [php7:notice] [pid 4752:tid 1768] [client ::1:53617] PHP Notice:  A non well formed numeric value encountered in C:\\xampp\\htdocs\\site\\meushopbrasil_v3.0\\comercio.php on line 106, referer: http://localhost/site/meushopbrasil_v3.0/
[Wed May 20 19:55:47.076321 2020] [php7:notice] [pid 4752:tid 1748] [client ::1:53623] PHP Notice:  A non well formed numeric value encountered in C:\\xampp\\htdocs\\site\\meushopbrasil_v3.0\\comercio.php on line 106, referer: http://localhost/site/meushopbrasil_v3.0/
[Wed May 20 19:56:06.079876 2020] [php7:error] [pid 4752:tid 1748] [client ::1:53630] PHP Fatal error:  Uncaught Error: Call to undefined function strtodate() in C:\\xampp\\htdocs\\site\\meushopbrasil_v3.0\\comercio.php:106\nStack trace:\n#0 {main}\n  thrown in C:\\xampp\\htdocs\\site\\meushopbrasil_v3.0\\comercio.php on line 106, referer: http://localhost/site/meushopbrasil_v3.0/
[Wed May 20 19:56:22.865612 2020] [php7:crit] [pid 4752:tid 1748] [client ::1:53636] PHP Parse error:  syntax error, unexpected '$user_horario1' (T_VARIABLE), expecting ')' in C:\\xampp\\htdocs\\site\\meushopbrasil_v3.0\\comercio.php on line 106, referer: http://localhost/site/meushopbrasil_v3.0/
[Wed May 20 19:56:31.408441 2020] [php7:notice] [pid 4752:tid 1768] [client ::1:53635] PHP Notice:  A non well formed numeric value encountered in C:\\xampp\\htdocs\\site\\meushopbrasil_v3.0\\comercio.php on line 106, referer: http://localhost/site/meushopbrasil_v3.0/
[Wed May 20 22:25:09.772348 2020] [php7:crit] [pid 4752:tid 1768] [client ::1:54241] PHP Parse error:  syntax error, unexpected ';', expecting ')' in C:\\xampp\\htdocs\\site\\meushopbrasil_v3.0\\conta.php on line 102, referer: http://localhost/site/meushopbrasil_v3.0/comercio.php?uid=0
[Wed May 20 22:25:19.090211 2020] [php7:notice] [pid 4752:tid 1760] [client ::1:54240] PHP Notice:  A non well formed numeric value encountered in C:\\xampp\\htdocs\\site\\meushopbrasil_v3.0\\conta.php on line 102, referer: http://localhost/site/meushopbrasil_v3.0/comercio.php?uid=0
[Wed May 20 22:25:44.655066 2020] [php7:notice] [pid 4752:tid 1768] [client ::1:54248] PHP Notice:  A non well formed numeric value encountered in C:\\xampp\\htdocs\\site\\meushopbrasil_v3.0\\conta.php on line 102, referer: http://localhost/site/meushopbrasil_v3.0/comercio.php?uid=0
[Wed May 20 22:25:55.380863 2020] [php7:notice] [pid 4752:tid 1760] [client ::1:54253] PHP Notice:  A non well formed numeric value encountered in C:\\xampp\\htdocs\\site\\meushopbrasil_v3.0\\conta.php on line 102, referer: http://localhost/site/meushopbrasil_v3.0/comercio.php?uid=0
[Wed May 20 22:36:06.578189 2020] [php7:notice] [pid 4752:tid 1760] [client ::1:54336] PHP Notice:  A non well formed numeric value encountered in C:\\xampp\\htdocs\\site\\meushopbrasil_v3.0\\comercio.php on line 111, referer: http://localhost/site/meushopbrasil_v3.0/conta.php
[Wed May 20 22:36:06.578189 2020] [php7:notice] [pid 4752:tid 1760] [client ::1:54336] PHP Notice:  A non well formed numeric value encountered in C:\\xampp\\htdocs\\site\\meushopbrasil_v3.0\\comercio.php on line 111, referer: http://localhost/site/meushopbrasil_v3.0/conta.php
[Wed May 20 22:37:14.486131 2020] [php7:notice] [pid 4752:tid 1760] [client ::1:54344] PHP Notice:  A non well formed numeric value encountered in C:\\xampp\\htdocs\\site\\meushopbrasil_v3.0\\comercio.php on line 111, referer: http://localhost/site/meushopbrasil_v3.0/conta.php
[Wed May 20 22:37:14.487131 2020] [php7:notice] [pid 4752:tid 1760] [client ::1:54344] PHP Notice:  A non well formed numeric value encountered in C:\\xampp\\htdocs\\site\\meushopbrasil_v3.0\\comercio.php on line 111, referer: http://localhost/site/meushopbrasil_v3.0/conta.php
[Wed May 20 22:37:14.489132 2020] [php7:notice] [pid 4752:tid 1760] [client ::1:54344] PHP Notice:  A non well formed numeric value encountered in C:\\xampp\\htdocs\\site\\meushopbrasil_v3.0\\comercio.php on line 111, referer: http://localhost/site/meushopbrasil_v3.0/conta.php
[Wed May 20 22:37:14.489632 2020] [php7:notice] [pid 4752:tid 1760] [client ::1:54344] PHP Notice:  A non well formed numeric value encountered in C:\\xampp\\htdocs\\site\\meushopbrasil_v3.0\\comercio.php on line 111, referer: http://localhost/site/meushopbrasil_v3.0/conta.php
[Wed May 20 22:37:42.914694 2020] [php7:notice] [pid 4752:tid 1760] [client ::1:54351] PHP Notice:  A non well formed numeric value encountered in C:\\xampp\\htdocs\\site\\meushopbrasil_v3.0\\comercio.php on line 111, referer: http://localhost/site/meushopbrasil_v3.0/conta.php
[Wed May 20 22:37:42.915194 2020] [php7:notice] [pid 4752:tid 1760] [client ::1:54351] PHP Notice:  A non well formed numeric value encountered in C:\\xampp\\htdocs\\site\\meushopbrasil_v3.0\\comercio.php on line 111, referer: http://localhost/site/meushopbrasil_v3.0/conta.php
[Wed May 20 22:37:54.969735 2020] [php7:notice] [pid 4752:tid 1760] [client ::1:54356] PHP Notice:  A non well formed numeric value encountered in C:\\xampp\\htdocs\\site\\meushopbrasil_v3.0\\comercio.php on line 111, referer: http://localhost/site/meushopbrasil_v3.0/conta.php
[Wed May 20 22:37:54.970236 2020] [php7:notice] [pid 4752:tid 1760] [client ::1:54356] PHP Notice:  A non well formed numeric value encountered in C:\\xampp\\htdocs\\site\\meushopbrasil_v3.0\\comercio.php on line 111, referer: http://localhost/site/meushopbrasil_v3.0/conta.php
[Wed May 20 22:39:17.145533 2020] [php7:notice] [pid 4752:tid 1760] [client ::1:54373] PHP Notice:  A non well formed numeric value encountered in C:\\xampp\\htdocs\\site\\meushopbrasil_v3.0\\comercio.php on line 111, referer: http://localhost/site/meushopbrasil_v3.0/conta.php
[Wed May 20 22:39:17.145533 2020] [php7:notice] [pid 4752:tid 1760] [client ::1:54373] PHP Notice:  A non well formed numeric value encountered in C:\\xampp\\htdocs\\site\\meushopbrasil_v3.0\\comercio.php on line 111, referer: http://localhost/site/meushopbrasil_v3.0/conta.php
[Thu May 21 22:30:13.877473 2020] [ssl:warn] [pid 4740:tid 476] AH01909: www.example.com:443:0 server certificate does NOT include an ID which matches the server name
[Thu May 21 22:30:14.025481 2020] [core:warn] [pid 4740:tid 476] AH00098: pid file C:/xampp/apache/logs/httpd.pid overwritten -- Unclean shutdown of previous Apache run?
[Thu May 21 22:30:14.039483 2020] [ssl:warn] [pid 4740:tid 476] AH01909: www.example.com:443:0 server certificate does NOT include an ID which matches the server name
[Thu May 21 22:30:16.207606 2020] [mpm_winnt:notice] [pid 4740:tid 476] AH00455: Apache/2.4.38 (Win32) OpenSSL/1.1.1a PHP/7.3.2 configured -- resuming normal operations
[Thu May 21 22:30:16.207606 2020] [mpm_winnt:notice] [pid 4740:tid 476] AH00456: Apache Lounge VC15 Server built: Jan 18 2019 12:31:19
[Thu May 21 22:30:16.207606 2020] [core:notice] [pid 4740:tid 476] AH00094: Command line: 'c:\\xampp\\apache\\bin\\httpd.exe -d C:/xampp/apache'
[Thu May 21 22:30:16.212607 2020] [mpm_winnt:notice] [pid 4740:tid 476] AH00418: Parent: Created child process 5872
[Thu May 21 22:30:17.302670 2020] [ssl:warn] [pid 5872:tid 512] AH01909: www.example.com:443:0 server certificate does NOT include an ID which matches the server name
[Thu May 21 22:30:17.395675 2020] [ssl:warn] [pid 5872:tid 512] AH01909: www.example.com:443:0 server certificate does NOT include an ID which matches the server name
[Thu May 21 22:30:17.454677 2020] [mpm_winnt:notice] [pid 5872:tid 512] AH00354: Child: Starting 150 worker threads.
[Thu May 21 22:44:22.000882 2020] [php7:notice] [pid 5872:tid 1768] [client ::1:2847] PHP Notice:  Undefined variable: img_banner in C:\\xampp\\htdocs\\site\\meushopbrasil_v3.0\\comercio.php on line 61, referer: http://localhost/site/meushopbrasil_v3.0/
[Thu May 21 22:47:43.259332 2020] [php7:crit] [pid 5872:tid 1772] [client ::1:2896] PHP Parse error:  syntax error, unexpected end of file in C:\\xampp\\htdocs\\site\\meushopbrasil_v3.0\\include\\list_albuns.php on line 561, referer: http://localhost/site/meushopbrasil_v3.0/conta.php
[Thu May 21 22:53:15.876918 2020] [php7:warn] [pid 5872:tid 1772] [client ::1:3013] PHP Warning:  include(galeria.php): failed to open stream: No such file or directory in C:\\xampp\\htdocs\\site\\meushopbrasil_v3.0\\include\\list_fotos.php on line 74, referer: http://localhost/site/meushopbrasil_v3.0/comercio.php?uid=0&aid=55
[Thu May 21 22:53:15.876918 2020] [php7:warn] [pid 5872:tid 1772] [client ::1:3013] PHP Warning:  include(): Failed opening 'galeria.php' for inclusion (include_path='C:\\xampp\\php\\PEAR') in C:\\xampp\\htdocs\\site\\meushopbrasil_v3.0\\include\\list_fotos.php on line 74, referer: http://localhost/site/meushopbrasil_v3.0/comercio.php?uid=0&aid=55
[Fri May 22 00:05:25.421331 2020] [ssl:warn] [pid 2512:tid 504] AH01909: www.example.com:443:0 server certificate does NOT include an ID which matches the server name
[Fri May 22 00:05:25.521338 2020] [core:warn] [pid 2512:tid 504] AH00098: pid file C:/xampp/apache/logs/httpd.pid overwritten -- Unclean shutdown of previous Apache run?
[Fri May 22 00:05:25.525337 2020] [ssl:warn] [pid 2512:tid 504] AH01909: www.example.com:443:0 server certificate does NOT include an ID which matches the server name
[Fri May 22 00:05:25.583341 2020] [mpm_winnt:notice] [pid 2512:tid 504] AH00455: Apache/2.4.38 (Win32) OpenSSL/1.1.1a PHP/7.3.2 configured -- resuming normal operations
[Fri May 22 00:05:25.583341 2020] [mpm_winnt:notice] [pid 2512:tid 504] AH00456: Apache Lounge VC15 Server built: Jan 18 2019 12:31:19
[Fri May 22 00:05:25.583341 2020] [core:notice] [pid 2512:tid 504] AH00094: Command line: 'c:\\xampp\\apache\\bin\\httpd.exe -d C:/xampp/apache'
[Fri May 22 00:05:25.586342 2020] [mpm_winnt:notice] [pid 2512:tid 504] AH00418: Parent: Created child process 2096
[Fri May 22 00:05:26.555397 2020] [ssl:warn] [pid 2096:tid 488] AH01909: www.example.com:443:0 server certificate does NOT include an ID which matches the server name
[Fri May 22 00:05:26.646403 2020] [ssl:warn] [pid 2096:tid 488] AH01909: www.example.com:443:0 server certificate does NOT include an ID which matches the server name
[Fri May 22 00:05:26.696405 2020] [mpm_winnt:notice] [pid 2096:tid 488] AH00354: Child: Starting 150 worker threads.
[Fri May 22 22:33:41.422890 2020] [ssl:warn] [pid 5852:tid 452] AH01909: www.example.com:443:0 server certificate does NOT include an ID which matches the server name
[Fri May 22 22:33:41.547890 2020] [core:warn] [pid 5852:tid 452] AH00098: pid file C:/xampp/apache/logs/httpd.pid overwritten -- Unclean shutdown of previous Apache run?
[Fri May 22 22:33:41.563515 2020] [ssl:warn] [pid 5852:tid 452] AH01909: www.example.com:443:0 server certificate does NOT include an ID which matches the server name
[Fri May 22 22:33:42.484824 2020] [mpm_winnt:notice] [pid 5852:tid 452] AH00455: Apache/2.4.38 (Win32) OpenSSL/1.1.1a PHP/7.3.2 configured -- resuming normal operations
[Fri May 22 22:33:42.484824 2020] [mpm_winnt:notice] [pid 5852:tid 452] AH00456: Apache Lounge VC15 Server built: Jan 18 2019 12:31:19
[Fri May 22 22:33:42.484824 2020] [core:notice] [pid 5852:tid 452] AH00094: Command line: 'c:\\xampp\\apache\\bin\\httpd.exe -d C:/xampp/apache'
[Fri May 22 22:33:42.484824 2020] [mpm_winnt:notice] [pid 5852:tid 452] AH00418: Parent: Created child process 4664
[Fri May 22 22:33:43.445540 2020] [ssl:warn] [pid 4664:tid 492] AH01909: www.example.com:443:0 server certificate does NOT include an ID which matches the server name
[Fri May 22 22:33:43.540544 2020] [ssl:warn] [pid 4664:tid 492] AH01909: www.example.com:443:0 server certificate does NOT include an ID which matches the server name
[Fri May 22 22:33:43.594548 2020] [mpm_winnt:notice] [pid 4664:tid 492] AH00354: Child: Starting 150 worker threads.
[Sat May 23 19:18:05.011901 2020] [php7:notice] [pid 4664:tid 1764] [client ::1:3676] PHP Notice:  Undefined index: a.id in C:\\xampp\\htdocs\\site\\meushopbrasil_v3.0\\include\\list_albuns.php on line 112, referer: http://localhost/site/meushopbrasil_v3.0/comercio.php?uid=0
[Sat May 23 20:05:00.281625 2020] [php7:notice] [pid 4664:tid 1764] [client ::1:4208] PHP Notice:  Undefined index: a.id in C:\\xampp\\htdocs\\site\\meushopbrasil_v3.0\\include\\list_albuns.php on line 112, referer: http://localhost/site/meushopbrasil_v3.0/comercio.php?uid=0&categoria=Lanche
[Sat May 23 20:06:08.755644 2020] [php7:notice] [pid 4664:tid 1764] [client ::1:4218] PHP Notice:  Undefined index: a.id in C:\\xampp\\htdocs\\site\\meushopbrasil_v3.0\\include\\list_albuns.php on line 112, referer: http://localhost/site/meushopbrasil_v3.0/comercio.php?uid=0&categoria=Lanche
[Sat May 23 20:06:08.756644 2020] [php7:notice] [pid 4664:tid 1764] [client ::1:4218] PHP Notice:  Undefined index: a.id in C:\\xampp\\htdocs\\site\\meushopbrasil_v3.0\\include\\list_albuns.php on line 112, referer: http://localhost/site/meushopbrasil_v3.0/comercio.php?uid=0&categoria=Lanche
[Sat May 23 20:06:28.873808 2020] [php7:notice] [pid 4664:tid 1764] [client ::1:4224] PHP Notice:  Undefined index: a.id in C:\\xampp\\htdocs\\site\\meushopbrasil_v3.0\\include\\list_albuns.php on line 112, referer: http://localhost/site/meushopbrasil_v3.0/comercio.php?uid=0&categoria=Lanche
[Sat May 23 20:07:42.983733 2020] [php7:notice] [pid 4664:tid 1760] [client ::1:4242] PHP Notice:  Undefined index: a.id in C:\\xampp\\htdocs\\site\\meushopbrasil_v3.0\\include\\list_albuns.php on line 112, referer: http://localhost/site/meushopbrasil_v3.0/comercio.php?uid=0&categoria=Lanche
[Sat May 23 20:09:55.623811 2020] [php7:notice] [pid 4664:tid 1764] [client ::1:4262] PHP Notice:  Undefined index: a.id in C:\\xampp\\htdocs\\site\\meushopbrasil_v3.0\\include\\list_albuns.php on line 113, referer: http://localhost/site/meushopbrasil_v3.0/comercio.php?uid=0&categoria=Lanche
[Mon May 25 16:55:31.877257 2020] [ssl:warn] [pid 3676:tid 480] AH01909: www.example.com:443:0 server certificate does NOT include an ID which matches the server name
[Mon May 25 16:55:31.979263 2020] [core:warn] [pid 3676:tid 480] AH00098: pid file C:/xampp/apache/logs/httpd.pid overwritten -- Unclean shutdown of previous Apache run?
[Mon May 25 16:55:31.995265 2020] [ssl:warn] [pid 3676:tid 480] AH01909: www.example.com:443:0 server certificate does NOT include an ID which matches the server name
[Mon May 25 16:55:33.177331 2020] [mpm_winnt:notice] [pid 3676:tid 480] AH00455: Apache/2.4.38 (Win32) OpenSSL/1.1.1a PHP/7.3.2 configured -- resuming normal operations
[Mon May 25 16:55:33.177331 2020] [mpm_winnt:notice] [pid 3676:tid 480] AH00456: Apache Lounge VC15 Server built: Jan 18 2019 12:31:19
[Mon May 25 16:55:33.177331 2020] [core:notice] [pid 3676:tid 480] AH00094: Command line: 'c:\\xampp\\apache\\bin\\httpd.exe -d C:/xampp/apache'
[Mon May 25 16:55:33.179332 2020] [mpm_winnt:notice] [pid 3676:tid 480] AH00418: Parent: Created child process 5332
[Mon May 25 16:55:34.109385 2020] [ssl:warn] [pid 5332:tid 552] AH01909: www.example.com:443:0 server certificate does NOT include an ID which matches the server name
[Mon May 25 16:55:34.208390 2020] [ssl:warn] [pid 5332:tid 552] AH01909: www.example.com:443:0 server certificate does NOT include an ID which matches the server name
[Mon May 25 16:55:34.275394 2020] [mpm_winnt:notice] [pid 5332:tid 552] AH00354: Child: Starting 150 worker threads.
[Mon May 25 16:55:56.240007 2020] [php7:notice] [pid 5332:tid 1760] [client ::1:7335] PHP Notice:  Undefined variable: _SESSION in C:\\xampp\\htdocs\\Script_Tutoriais\\php\\cadastro\\index.php on line 3, referer: http://localhost/Script_Tutoriais/php/
[Mon May 25 16:56:03.819707 2020] [php7:warn] [pid 5332:tid 1764] [client ::1:7340] PHP Warning:  mysqli_connect(): (HY000/1049): Unknown database 'meushop' in C:\\xampp\\htdocs\\Script_Tutoriais\\php\\cadastro\\config.php on line 7, referer: http://localhost/Script_Tutoriais/php/cadastro/login.php
[Mon May 25 16:56:03.820708 2020] [php7:error] [pid 5332:tid 1764] [client ::1:7340] PHP Fatal error:  Uncaught Error: Call to a member function query() on bool in C:\\xampp\\htdocs\\Script_Tutoriais\\php\\cadastro\\class\\login.php:15\nStack trace:\n#0 {main}\n  thrown in C:\\xampp\\htdocs\\Script_Tutoriais\\php\\cadastro\\class\\login.php on line 15, referer: http://localhost/Script_Tutoriais/php/cadastro/login.php
[Mon May 25 17:04:42.717270 2020] [php7:notice] [pid 5332:tid 1760] [client ::1:7426] PHP Notice:  Undefined variable: _SESSION in C:\\xampp\\htdocs\\Script_Tutoriais\\php\\cadastro\\index.php on line 3, referer: http://localhost/Script_Tutoriais/php/
[Mon May 25 17:05:22.714299 2020] [php7:crit] [pid 5332:tid 1744] [client ::1:7431] PHP Parse error:  syntax error, unexpected '<', expecting end of file in C:\\xampp\\htdocs\\Script_Tutoriais\\php\\cadastro\\addurlbanco.php on line 12, referer: http://localhost/Script_Tutoriais/php/cadastro/cadastro.php
[Mon May 25 17:05:43.636007 2020] [php7:warn] [pid 5332:tid 1744] [client ::1:7433] PHP Warning:  mysqli_connect(): (HY000/1049): Unknown database 'meushop' in C:\\xampp\\htdocs\\Script_Tutoriais\\php\\cadastro\\config.php on line 7, referer: http://localhost/Script_Tutoriais/php/cadastro/cadastro.php
[Mon May 25 17:05:43.959026 2020] [php7:warn] [pid 5332:tid 1744] [client ::1:7433] PHP Warning:  mysqli_connect(): (HY000/1049): Unknown database 'meushop' in C:\\xampp\\htdocs\\Script_Tutoriais\\php\\cadastro\\addurlbanco.php on line 19, referer: http://localhost/Script_Tutoriais/php/cadastro/cadastro.php
[Mon May 25 17:05:43.959026 2020] [php7:error] [pid 5332:tid 1744] [client ::1:7433] PHP Fatal error:  Uncaught Error: Call to undefined function mysqli_conncet_errors() in C:\\xampp\\htdocs\\Script_Tutoriais\\php\\cadastro\\addurlbanco.php:21\nStack trace:\n#0 {main}\n  thrown in C:\\xampp\\htdocs\\Script_Tutoriais\\php\\cadastro\\addurlbanco.php on line 21, referer: http://localhost/Script_Tutoriais/php/cadastro/cadastro.php
[Mon May 25 17:06:47.093945 2020] [php7:warn] [pid 5332:tid 1744] [client ::1:7437] PHP Warning:  mysqli_connect(): (HY000/1049): Unknown database 'meushop' in C:\\xampp\\htdocs\\Script_Tutoriais\\php\\cadastro\\config.php on line 7, referer: http://localhost/Script_Tutoriais/php/cadastro/cadastro.php
[Mon May 25 17:06:47.110948 2020] [php7:warn] [pid 5332:tid 1744] [client ::1:7437] PHP Warning:  mysqli_connect(): (HY000/1049): Unknown database 'meushop' in C:\\xampp\\htdocs\\Script_Tutoriais\\php\\cadastro\\addurlbanco.php on line 19, referer: http://localhost/Script_Tutoriais/php/cadastro/cadastro.php
[Mon May 25 17:06:47.110948 2020] [php7:error] [pid 5332:tid 1744] [client ::1:7437] PHP Fatal error:  Uncaught Error: Call to undefined function mysqli_conncet_errors() in C:\\xampp\\htdocs\\Script_Tutoriais\\php\\cadastro\\addurlbanco.php:21\nStack trace:\n#0 {main}\n  thrown in C:\\xampp\\htdocs\\Script_Tutoriais\\php\\cadastro\\addurlbanco.php on line 21, referer: http://localhost/Script_Tutoriais/php/cadastro/cadastro.php
[Mon May 25 18:14:13.529470 2020] [php7:notice] [pid 5332:tid 1768] [client ::1:7959] PHP Notice:  Undefined variable: user_imagem in C:\\xampp\\htdocs\\site\\meushopbrasil_v3.0\\planos.php on line 46
[Mon May 25 18:14:13.530470 2020] [php7:notice] [pid 5332:tid 1768] [client ::1:7959] PHP Notice:  Undefined variable: user_nome in C:\\xampp\\htdocs\\site\\meushopbrasil_v3.0\\planos.php on line 46
[Mon May 25 18:14:13.530470 2020] [php7:notice] [pid 5332:tid 1768] [client ::1:7959] PHP Notice:  Undefined variable: user_nome in C:\\xampp\\htdocs\\site\\meushopbrasil_v3.0\\planos.php on line 46
[Mon May 25 18:14:13.530470 2020] [php7:notice] [pid 5332:tid 1768] [client ::1:7959] PHP Notice:  Undefined variable: idExtrangeiro in C:\\xampp\\htdocs\\site\\meushopbrasil_v3.0\\planos.php on line 48
[Mon May 25 18:14:13.531471 2020] [php7:notice] [pid 5332:tid 1768] [client ::1:7959] PHP Notice:  Undefined variable: idDaSessao in C:\\xampp\\htdocs\\site\\meushopbrasil_v3.0\\planos.php on line 50
[Mon May 25 18:14:13.531471 2020] [php7:notice] [pid 5332:tid 1768] [client ::1:7959] PHP Notice:  Undefined variable: idExtrangeiro in C:\\xampp\\htdocs\\site\\meushopbrasil_v3.0\\planos.php on line 50
[Mon May 25 18:14:13.531471 2020] [php7:notice] [pid 5332:tid 1768] [client ::1:7959] PHP Notice:  Undefined variable: admin_Chave in C:\\xampp\\htdocs\\site\\meushopbrasil_v3.0\\planos.php on line 50
[Mon May 25 18:14:13.531471 2020] [php7:notice] [pid 5332:tid 1768] [client ::1:7959] PHP Notice:  Undefined variable: idExtrangeiro in C:\\xampp\\htdocs\\site\\meushopbrasil_v3.0\\planos.php on line 52
[Mon May 25 18:14:13.532472 2020] [php7:error] [pid 5332:tid 1768] [client ::1:7959] PHP Fatal error:  Uncaught Error: Class 'Recados' not found in C:\\xampp\\htdocs\\site\\meushopbrasil_v3.0\\planos.php:53\nStack trace:\n#0 {main}\n  thrown in C:\\xampp\\htdocs\\site\\meushopbrasil_v3.0\\planos.php on line 53
[Mon May 25 18:15:27.776274 2020] [php7:notice] [pid 5332:tid 1768] [client ::1:7965] PHP Notice:  Undefined variable: user_imagem in C:\\xampp\\htdocs\\site\\meushopbrasil_v3.0\\planos.php on line 46
[Mon May 25 18:15:27.776274 2020] [php7:notice] [pid 5332:tid 1768] [client ::1:7965] PHP Notice:  Undefined variable: user_nome in C:\\xampp\\htdocs\\site\\meushopbrasil_v3.0\\planos.php on line 46
[Mon May 25 18:15:27.776274 2020] [php7:notice] [pid 5332:tid 1768] [client ::1:7965] PHP Notice:  Undefined variable: user_nome in C:\\xampp\\htdocs\\site\\meushopbrasil_v3.0\\planos.php on line 46
[Mon May 25 18:15:27.777274 2020] [php7:notice] [pid 5332:tid 1768] [client ::1:7965] PHP Notice:  Undefined variable: list_amigos in C:\\xampp\\htdocs\\site\\meushopbrasil_v3.0\\planos.php on line 72
[Mon May 25 18:16:05.670160 2020] [php7:notice] [pid 5332:tid 1768] [client ::1:7970] PHP Notice:  Undefined variable: user_imagem in C:\\xampp\\htdocs\\site\\meushopbrasil_v3.0\\planos.php on line 46
[Mon May 25 18:16:05.671159 2020] [php7:notice] [pid 5332:tid 1768] [client ::1:7970] PHP Notice:  Undefined variable: user_nome in C:\\xampp\\htdocs\\site\\meushopbrasil_v3.0\\planos.php on line 46
[Mon May 25 18:16:05.671159 2020] [php7:notice] [pid 5332:tid 1768] [client ::1:7970] PHP Notice:  Undefined variable: user_nome in C:\\xampp\\htdocs\\site\\meushopbrasil_v3.0\\planos.php on line 46
[Mon May 25 18:16:05.671159 2020] [php7:notice] [pid 5332:tid 1768] [client ::1:7970] PHP Notice:  Undefined variable: list_amigos in C:\\xampp\\htdocs\\site\\meushopbrasil_v3.0\\planos.php on line 72
[Mon May 25 18:16:28.165336 2020] [php7:notice] [pid 5332:tid 1756] [client ::1:7973] PHP Notice:  Undefined variable: user_imagem in C:\\xampp\\htdocs\\site\\meushopbrasil_v3.0\\planos.php on line 39
[Mon May 25 18:16:28.166336 2020] [php7:notice] [pid 5332:tid 1756] [client ::1:7973] PHP Notice:  Undefined variable: user_nome in C:\\xampp\\htdocs\\site\\meushopbrasil_v3.0\\planos.php on line 39
[Mon May 25 18:16:28.166336 2020] [php7:notice] [pid 5332:tid 1756] [client ::1:7973] PHP Notice:  Undefined variable: user_nome in C:\\xampp\\htdocs\\site\\meushopbrasil_v3.0\\planos.php on line 39
[Mon May 25 18:16:28.167336 2020] [php7:notice] [pid 5332:tid 1756] [client ::1:7973] PHP Notice:  Undefined variable: list_amigos in C:\\xampp\\htdocs\\site\\meushopbrasil_v3.0\\planos.php on line 65
[Mon May 25 18:16:50.025348 2020] [php7:notice] [pid 5332:tid 1768] [client ::1:7978] PHP Notice:  Undefined variable: user_imagem in C:\\xampp\\htdocs\\site\\meushopbrasil_v3.0\\planos.php on line 39
[Mon May 25 18:16:50.025348 2020] [php7:notice] [pid 5332:tid 1768] [client ::1:7978] PHP Notice:  Undefined variable: user_nome in C:\\xampp\\htdocs\\site\\meushopbrasil_v3.0\\planos.php on line 39
[Mon May 25 18:16:50.026347 2020] [php7:notice] [pid 5332:tid 1768] [client ::1:7978] PHP Notice:  Undefined variable: user_nome in C:\\xampp\\htdocs\\site\\meushopbrasil_v3.0\\planos.php on line 39
[Mon May 25 18:18:07.012718 2020] [php7:notice] [pid 5332:tid 1756] [client ::1:7995] PHP Notice:  Undefined variable: user_nome in C:\\xampp\\htdocs\\site\\meushopbrasil_v3.0\\planos.php on line 39
[Mon May 25 18:18:07.013718 2020] [php7:notice] [pid 5332:tid 1756] [client ::1:7995] PHP Notice:  Undefined variable: user_nome in C:\\xampp\\htdocs\\site\\meushopbrasil_v3.0\\planos.php on line 39
[Mon May 25 18:18:23.548970 2020] [php7:notice] [pid 5332:tid 1756] [client ::1:8000] PHP Notice:  Undefined variable: user_nome in C:\\xampp\\htdocs\\site\\meushopbrasil_v3.0\\planos.php on line 39
[Mon May 25 18:18:23.548970 2020] [php7:notice] [pid 5332:tid 1756] [client ::1:8000] PHP Notice:  Undefined variable: user_nome in C:\\xampp\\htdocs\\site\\meushopbrasil_v3.0\\planos.php on line 39
[Mon May 25 19:23:51.134639 2020] [php7:notice] [pid 5332:tid 1756] [client ::1:8678] PHP Notice:  Undefined variable: con_comercios in C:\\xampp\\htdocs\\site\\meushopbrasil_v3.0\\representante.php on line 10
[Mon May 25 19:23:51.134639 2020] [php7:error] [pid 5332:tid 1756] [client ::1:8678] PHP Fatal error:  Uncaught Error: Call to a member function fetch_array() on null in C:\\xampp\\htdocs\\site\\meushopbrasil_v3.0\\representante.php:10\nStack trace:\n#0 {main}\n  thrown in C:\\xampp\\htdocs\\site\\meushopbrasil_v3.0\\representante.php on line 10
[Mon May 25 19:28:55.422602 2020] [php7:notice] [pid 5332:tid 1756] [client ::1:8754] PHP Notice:  Undefined variable: imgComercio in C:\\xampp\\htdocs\\site\\meushopbrasil_v3.0\\representante.php on line 13
[Mon May 25 19:35:14.009434 2020] [php7:crit] [pid 5332:tid 1756] [client ::1:8857] PHP Parse error:  syntax error, unexpected '<' in C:\\xampp\\htdocs\\site\\meushopbrasil_v3.0\\representante.php on line 15
[Mon May 25 19:37:52.861618 2020] [php7:notice] [pid 5332:tid 1768] [client ::1:8881] PHP Notice:  Undefined index: Endereco in C:\\xampp\\htdocs\\site\\meushopbrasil_v3.0\\representante.php on line 15
[Thu May 28 16:33:16.476110 2020] [ssl:warn] [pid 3792:tid 480] AH01909: www.example.com:443:0 server certificate does NOT include an ID which matches the server name
[Thu May 28 16:33:16.569860 2020] [core:warn] [pid 3792:tid 480] AH00098: pid file C:/xampp/apache/logs/httpd.pid overwritten -- Unclean shutdown of previous Apache run?
[Thu May 28 16:33:16.585485 2020] [ssl:warn] [pid 3792:tid 480] AH01909: www.example.com:443:0 server certificate does NOT include an ID which matches the server name
[Thu May 28 16:33:17.663612 2020] [mpm_winnt:notice] [pid 3792:tid 480] AH00455: Apache/2.4.38 (Win32) OpenSSL/1.1.1a PHP/7.3.2 configured -- resuming normal operations
[Thu May 28 16:33:17.663612 2020] [mpm_winnt:notice] [pid 3792:tid 480] AH00456: Apache Lounge VC15 Server built: Jan 18 2019 12:31:19
[Thu May 28 16:33:17.663612 2020] [core:notice] [pid 3792:tid 480] AH00094: Command line: 'c:\\xampp\\apache\\bin\\httpd.exe -d C:/xampp/apache'
[Thu May 28 16:33:17.663612 2020] [mpm_winnt:notice] [pid 3792:tid 480] AH00418: Parent: Created child process 1572
[Thu May 28 16:33:18.538614 2020] [ssl:warn] [pid 1572:tid 488] AH01909: www.example.com:443:0 server certificate does NOT include an ID which matches the server name
[Thu May 28 16:33:18.616740 2020] [ssl:warn] [pid 1572:tid 488] AH01909: www.example.com:443:0 server certificate does NOT include an ID which matches the server name
[Thu May 28 16:33:18.679240 2020] [mpm_winnt:notice] [pid 1572:tid 488] AH00354: Child: Starting 150 worker threads.
[Thu May 28 20:38:16.827216 2020] [php7:notice] [pid 1572:tid 1768] [client ::1:7292] PHP Notice:  Undefined variable: timezones in C:\\xampp\\htdocs\\Codiad-master\\components\\install\\view.php on line 268, referer: http://localhost/
[Thu May 28 20:38:46.095965 2020] [php7:notice] [pid 1572:tid 1760] [client ::1:7301] PHP Notice:  Undefined variable: timezones in C:\\xampp\\htdocs\\Codiad-master\\components\\install\\view.php on line 268, referer: http://localhost/
[Thu May 28 20:42:56.243402 2020] [php7:warn] [pid 1572:tid 1760] [client ::1:7331] PHP Warning:  include(absolute/path/to/codiad/languages/en.php): failed to open stream: No such file or directory in C:\\xampp\\htdocs\\Codiad-master\\common.php on line 99
[Thu May 28 20:42:56.244402 2020] [php7:warn] [pid 1572:tid 1760] [client ::1:7331] PHP Warning:  include(): Failed opening 'absolute/path/to/codiad/languages/en.php' for inclusion (include_path='C:\\xampp\\php\\PEAR') in C:\\xampp\\htdocs\\Codiad-master\\common.php on line 99
[Thu May 28 20:42:56.244402 2020] [php7:warn] [pid 1572:tid 1760] [client ::1:7331] PHP Warning:  file_get_contents(absolute/path/to/codiad/components/filemanager/context_menu.json): failed to open stream: No such file or directory in C:\\xampp\\htdocs\\Codiad-master\\index.php on line 6
[Thu May 28 20:42:56.245402 2020] [php7:warn] [pid 1572:tid 1760] [client ::1:7331] PHP Warning:  file_get_contents(absolute/path/to/codiad/components/right_bar.json): failed to open stream: No such file or directory in C:\\xampp\\htdocs\\Codiad-master\\index.php on line 10
[Thu May 28 20:42:56.255403 2020] [php7:warn] [pid 1572:tid 1760] [client ::1:7331] PHP Warning:  scandir(absolute/path/to/codiad/components,absolute/path/to/codiad/components): O sistema n\xef\xbf\xbdo pode encontrar o caminho especificado. (code: 3) in C:\\xampp\\htdocs\\Codiad-master\\common.php on line 109
[Thu May 28 20:42:56.255403 2020] [php7:warn] [pid 1572:tid 1760] [client ::1:7331] PHP Warning:  scandir(absolute/path/to/codiad/components): failed to open dir: No such file or directory in C:\\xampp\\htdocs\\Codiad-master\\common.php on line 109
[Thu May 28 20:42:56.255403 2020] [php7:warn] [pid 1572:tid 1760] [client ::1:7331] PHP Warning:  scandir(): (errno 2): No such file or directory in C:\\xampp\\htdocs\\Codiad-master\\common.php on line 109
[Thu May 28 20:42:56.260403 2020] [php7:warn] [pid 1572:tid 1760] [client ::1:7331] PHP Warning:  Invalid argument supplied for foreach() in C:\\xampp\\htdocs\\Codiad-master\\common.php on line 110
[Thu May 28 20:42:56.260403 2020] [php7:warn] [pid 1572:tid 1760] [client ::1:7331] PHP Warning:  scandir(absolute/path/to/codiad/plugins,absolute/path/to/codiad/plugins): O sistema n\xef\xbf\xbdo pode encontrar o caminho especificado. (code: 3) in C:\\xampp\\htdocs\\Codiad-master\\common.php on line 109
[Thu May 28 20:42:56.260403 2020] [php7:warn] [pid 1572:tid 1760] [client ::1:7331] PHP Warning:  scandir(absolute/path/to/codiad/plugins): failed to open dir: No such file or directory in C:\\xampp\\htdocs\\Codiad-master\\common.php on line 109
[Thu May 28 20:42:56.261403 2020] [php7:warn] [pid 1572:tid 1760] [client ::1:7331] PHP Warning:  scandir(): (errno 2): No such file or directory in C:\\xampp\\htdocs\\Codiad-master\\common.php on line 109
[Thu May 28 20:42:56.261403 2020] [php7:warn] [pid 1572:tid 1760] [client ::1:7331] PHP Warning:  Invalid argument supplied for foreach() in C:\\xampp\\htdocs\\Codiad-master\\common.php on line 110
[Thu May 28 20:42:56.261403 2020] [php7:warn] [pid 1572:tid 1760] [client ::1:7331] PHP Warning:  scandir(absolute/path/to/codiad/themes,absolute/path/to/codiad/themes): O sistema n\xef\xbf\xbdo pode encontrar o caminho especificado. (code: 3) in C:\\xampp\\htdocs\\Codiad-master\\common.php on line 109
[Thu May 28 20:42:56.261403 2020] [php7:warn] [pid 1572:tid 1760] [client ::1:7331] PHP Warning:  scandir(absolute/path/to/codiad/themes): failed to open dir: No such file or directory in C:\\xampp\\htdocs\\Codiad-master\\common.php on line 109
[Thu May 28 20:42:56.262402 2020] [php7:warn] [pid 1572:tid 1760] [client ::1:7331] PHP Warning:  scandir(): (errno 2): No such file or directory in C:\\xampp\\htdocs\\Codiad-master\\common.php on line 109
[Thu May 28 20:42:56.262402 2020] [php7:warn] [pid 1572:tid 1760] [client ::1:7331] PHP Warning:  Invalid argument supplied for foreach() in C:\\xampp\\htdocs\\Codiad-master\\common.php on line 110
[Thu May 28 20:42:56.265403 2020] [php7:notice] [pid 1572:tid 1760] [client ::1:7331] PHP Notice:  Undefined variable: timezones in C:\\xampp\\htdocs\\Codiad-master\\components\\install\\view.php on line 268
[Thu May 28 20:43:45.678174 2020] [php7:warn] [pid 1572:tid 1756] [client ::1:7333] PHP Warning:  preg_replace(): Compilation failed: invalid range in character class at offset 4 in C:\\xampp\\htdocs\\Codiad-master\\components\\install\\process.php on line 95, referer: http://localhost/Codiad-master/
[Thu May 28 20:43:45.681174 2020] [php7:warn] [pid 1572:tid 1756] [client ::1:7333] PHP Warning:  mkdir(): File exists in C:\\xampp\\htdocs\\Codiad-master\\components\\install\\process.php on line 96, referer: http://localhost/Codiad-master/
[Thu May 28 20:47:21.070418 2020] [php7:warn] [pid 1572:tid 1768] [client ::1:7342] PHP Warning:  strpos(): Empty needle in C:\\xampp\\htdocs\\Codiad-master\\common.php on line 259, referer: http://localhost/Codiad-master/
[Thu May 28 20:47:42.611570 2020] [php7:warn] [pid 1572:tid 1756] [client ::1:7339] PHP Warning:  file_get_contents(http://update.codiad.com/?v=&amp;o=WINNT&amp;p=7.3.2&amp;w=Apache%2F2.4.38+%28Win32%29+OpenSSL%2F1.1.1a+PHP%2F7.3.2&amp;a=install_man): failed to open stream: Uma tentativa de conex\xef\xbf\xbdo falhou porque o componente conectado n\xef\xbf\xbdo respondeu\r\ncorretamente ap\xef\xbf\xbds um per\xef\xbf\xbdodo de tempo ou a conex\xef\xbf\xbdo estabelecida falhou\r\nporque o host conectado n\xef\xbf\xbdo respondeu.\r\n in C:\\xampp\\htdocs\\Codiad-master\\components\\update\\class.update.php on line 189, referer: http://localhost/Codiad-master/
[Thu May 28 20:48:14.161244 2020] [php7:warn] [pid 1572:tid 1760] [client ::1:7350] PHP Warning:  strpos(): Empty needle in C:\\xampp\\htdocs\\Codiad-master\\common.php on line 259, referer: http://localhost/Codiad-master/
[Thu May 28 20:48:31.417588 2020] [php7:warn] [pid 1572:tid 1760] [client ::1:7352] PHP Warning:  strpos(): Empty needle in C:\\xampp\\htdocs\\Codiad-master\\common.php on line 259, referer: http://localhost/Codiad-master/
[Thu May 28 20:48:36.208032 2020] [php7:warn] [pid 1572:tid 1760] [client ::1:7352] PHP Warning:  strpos(): Empty needle in C:\\xampp\\htdocs\\Codiad-master\\common.php on line 259, referer: http://localhost/Codiad-master/
[Thu May 28 20:48:46.776878 2020] [php7:warn] [pid 1572:tid 1760] [client ::1:7358] PHP Warning:  strpos(): Empty needle in C:\\xampp\\htdocs\\Codiad-master\\common.php on line 259, referer: http://localhost/Codiad-master/
[Thu May 28 20:48:57.006638 2020] [php7:warn] [pid 1572:tid 1760] [client ::1:7359] PHP Warning:  strpos(): Empty needle in C:\\xampp\\htdocs\\Codiad-master\\common.php on line 259, referer: http://localhost/Codiad-master/
[Thu May 28 20:49:27.829858 2020] [php7:warn] [pid 1572:tid 1760] [client ::1:7360] PHP Warning:  file_get_contents(http://market.codiad.com/json/?o=): failed to open stream: Uma tentativa de conex\xef\xbf\xbdo falhou porque o componente conectado n\xef\xbf\xbdo respondeu\r\ncorretamente ap\xef\xbf\xbds um per\xef\xbf\xbdodo de tempo ou a conex\xef\xbf\xbdo estabelecida falhou\r\nporque o host conectado n\xef\xbf\xbdo respondeu.\r\n in C:\\xampp\\htdocs\\Codiad-master\\components\\market\\class.market.php on line 62, referer: http://localhost/Codiad-master/
[Thu May 28 20:54:19.797817 2020] [php7:warn] [pid 1572:tid 1768] [client ::1:7400] PHP Warning:  file_get_contents(http://update.codiad.com/?v=&amp;o=WINNT&amp;p=7.3.2&amp;w=Apache%2F2.4.38+%28Win32%29+OpenSSL%2F1.1.1a+PHP%2F7.3.2&amp;a=check): failed to open stream: Uma tentativa de conex\xef\xbf\xbdo falhou porque o componente conectado n\xef\xbf\xbdo respondeu\r\ncorretamente ap\xef\xbf\xbds um per\xef\xbf\xbdodo de tempo ou a conex\xef\xbf\xbdo estabelecida falhou\r\nporque o host conectado n\xef\xbf\xbdo respondeu.\r\n in C:\\xampp\\htdocs\\Codiad-master\\components\\update\\class.update.php on line 189, referer: http://localhost/Codiad-master/
[Thu May 28 20:54:19.797817 2020] [php7:warn] [pid 1572:tid 1768] [client ::1:7400] PHP Warning:  Invalid argument supplied for foreach() in C:\\xampp\\htdocs\\Codiad-master\\components\\update\\class.update.php on line 116, referer: http://localhost/Codiad-master/
[Thu May 28 20:54:20.505858 2020] [php7:warn] [pid 1572:tid 1764] [client ::1:7404] PHP Warning:  session_start(): open(C:\\xampp\\tmp\\sess_4ib1ub68mh4k3jrbh2u99rppmc, O_RDWR) failed: Permission denied (13) in C:\\xampp\\htdocs\\Codiad-master\\components\\user\\controller.php on line 59, referer: http://localhost/Codiad-master/
[Thu May 28 20:54:20.505858 2020] [php7:warn] [pid 1572:tid 1764] [client ::1:7404] PHP Warning:  session_start(): Failed to read session data: files (path: C:\\xampp\\tmp) in C:\\xampp\\htdocs\\Codiad-master\\components\\user\\controller.php on line 59, referer: http://localhost/Codiad-master/
[Thu May 28 20:54:20.509859 2020] [php7:warn] [pid 1572:tid 1756] [client ::1:7403] PHP Warning:  session_start(): open(C:\\xampp\\tmp\\sess_4ib1ub68mh4k3jrbh2u99rppmc, O_RDWR) failed: Permission denied (13) in C:\\xampp\\htdocs\\Codiad-master\\common.php on line 88, referer: http://localhost/Codiad-master/
[Thu May 28 20:54:20.509859 2020] [php7:warn] [pid 1572:tid 1756] [client ::1:7403] PHP Warning:  session_start(): Failed to read session data: files (path: C:\\xampp\\tmp) in C:\\xampp\\htdocs\\Codiad-master\\common.php on line 88, referer: http://localhost/Codiad-master/
[Thu May 28 20:54:20.536860 2020] [php7:warn] [pid 1572:tid 1752] [client ::1:7405] PHP Warning:  session_start(): open(C:\\xampp\\tmp\\sess_4ib1ub68mh4k3jrbh2u99rppmc, O_RDWR) failed: Permission denied (13) in C:\\xampp\\htdocs\\Codiad-master\\common.php on line 88, referer: http://localhost/Codiad-master/
[Thu May 28 20:54:20.536860 2020] [php7:warn] [pid 1572:tid 1752] [client ::1:7405] PHP Warning:  session_start(): Failed to read session data: files (path: C:\\xampp\\tmp) in C:\\xampp\\htdocs\\Codiad-master\\common.php on line 88, referer: http://localhost/Codiad-master/
[Thu May 28 20:55:11.524366 2020] [php7:warn] [pid 1572:tid 1756] [client ::1:7410] PHP Warning:  file_get_contents(http://update.codiad.com/?v=&amp;o=WINNT&amp;p=7.3.2&amp;w=Apache%2F2.4.38+%28Win32%29+OpenSSL%2F1.1.1a+PHP%2F7.3.2&amp;a=check): failed to open stream: Uma tentativa de conex\xef\xbf\xbdo falhou porque o componente conectado n\xef\xbf\xbdo respondeu\r\ncorretamente ap\xef\xbf\xbds um per\xef\xbf\xbdodo de tempo ou a conex\xef\xbf\xbdo estabelecida falhou\r\nporque o host conectado n\xef\xbf\xbdo respondeu.\r\n in C:\\xampp\\htdocs\\Codiad-master\\components\\update\\class.update.php on line 189, referer: http://localhost/Codiad-master/
[Thu May 28 20:55:11.524366 2020] [php7:warn] [pid 1572:tid 1756] [client ::1:7410] PHP Warning:  Invalid argument supplied for foreach() in C:\\xampp\\htdocs\\Codiad-master\\components\\update\\class.update.php on line 116, referer: http://localhost/Codiad-master/
[Sat May 30 18:52:17.427227 2020] [ssl:warn] [pid 5860:tid 432] AH01909: www.example.com:443:0 server certificate does NOT include an ID which matches the server name
[Sat May 30 18:52:17.631358 2020] [core:warn] [pid 5860:tid 432] AH00098: pid file C:/xampp/apache/logs/httpd.pid overwritten -- Unclean shutdown of previous Apache run?
[Sat May 30 18:52:17.653861 2020] [ssl:warn] [pid 5860:tid 432] AH01909: www.example.com:443:0 server certificate does NOT include an ID which matches the server name
[Sat May 30 18:52:19.953673 2020] [mpm_winnt:notice] [pid 5860:tid 432] AH00455: Apache/2.4.38 (Win32) OpenSSL/1.1.1a PHP/7.3.2 configured -- resuming normal operations
[Sat May 30 18:52:19.953673 2020] [mpm_winnt:notice] [pid 5860:tid 432] AH00456: Apache Lounge VC15 Server built: Jan 18 2019 12:31:19
[Sat May 30 18:52:19.953673 2020] [core:notice] [pid 5860:tid 432] AH00094: Command line: 'c:\\xampp\\apache\\bin\\httpd.exe -d C:/xampp/apache'
[Sat May 30 18:52:19.962175 2020] [mpm_winnt:notice] [pid 5860:tid 432] AH00418: Parent: Created child process 5808
[Sat May 30 18:52:21.531232 2020] [ssl:warn] [pid 5808:tid 132] AH01909: www.example.com:443:0 server certificate does NOT include an ID which matches the server name
[Sat May 30 18:52:21.679339 2020] [ssl:warn] [pid 5808:tid 132] AH01909: www.example.com:443:0 server certificate does NOT include an ID which matches the server name
[Sat May 30 18:52:21.750896 2020] [mpm_winnt:notice] [pid 5808:tid 132] AH00354: Child: Starting 150 worker threads.
[Sat May 30 22:28:07.622804 2020] [ssl:warn] [pid 2768:tid 480] AH01909: www.example.com:443:0 server certificate does NOT include an ID which matches the server name
[Sat May 30 22:28:07.716553 2020] [core:warn] [pid 2768:tid 480] AH00098: pid file C:/xampp/apache/logs/httpd.pid overwritten -- Unclean shutdown of previous Apache run?
[Sat May 30 22:28:07.732179 2020] [ssl:warn] [pid 2768:tid 480] AH01909: www.example.com:443:0 server certificate does NOT include an ID which matches the server name
[Sat May 30 22:28:08.857182 2020] [mpm_winnt:notice] [pid 2768:tid 480] AH00455: Apache/2.4.38 (Win32) OpenSSL/1.1.1a PHP/7.3.2 configured -- resuming normal operations
[Sat May 30 22:28:08.857182 2020] [mpm_winnt:notice] [pid 2768:tid 480] AH00456: Apache Lounge VC15 Server built: Jan 18 2019 12:31:19
[Sat May 30 22:28:08.857182 2020] [core:notice] [pid 2768:tid 480] AH00094: Command line: 'c:\\xampp\\apache\\bin\\httpd.exe -d C:/xampp/apache'
[Sat May 30 22:28:08.872810 2020] [mpm_winnt:notice] [pid 2768:tid 480] AH00418: Parent: Created child process 4796
[Sat May 30 22:28:09.622810 2020] [ssl:warn] [pid 4796:tid 484] AH01909: www.example.com:443:0 server certificate does NOT include an ID which matches the server name
[Sat May 30 22:28:09.716558 2020] [ssl:warn] [pid 4796:tid 484] AH01909: www.example.com:443:0 server certificate does NOT include an ID which matches the server name
[Sat May 30 22:28:09.763437 2020] [mpm_winnt:notice] [pid 4796:tid 484] AH00354: Child: Starting 150 worker threads.
